{"/home/soumyodeep/Desktop/Open Source Contribution/keploy/tasks-api-keploy/server.js": {"path":"/home/soumyodeep/Desktop/Open Source Contribution/keploy/tasks-api-keploy/server.js","statementMap":{"0":{"start":{"line":1,"column":16},"end":{"line":1,"column":34}},"1":{"start":{"line":2,"column":17},"end":{"line":2,"column":36}},"2":{"start":{"line":3,"column":15},"end":{"line":3,"column":32}},"3":{"start":{"line":4,"column":13},"end":{"line":4,"column":28}},"4":{"start":{"line":6,"column":0},"end":{"line":6,"column":16}},"5":{"start":{"line":8,"column":12},"end":{"line":8,"column":21}},"6":{"start":{"line":9,"column":0},"end":{"line":9,"column":24}},"7":{"start":{"line":10,"column":0},"end":{"line":10,"column":56}},"8":{"start":{"line":13,"column":0},"end":{"line":17,"column":1}},"9":{"start":{"line":14,"column":2},"end":{"line":16,"column":52}},"10":{"start":{"line":19,"column":13},"end":{"line":19,"column":37}},"11":{"start":{"line":21,"column":0},"end":{"line":28,"column":3}},"12":{"start":{"line":22,"column":2},"end":{"line":27,"column":3}},"13":{"start":{"line":23,"column":18},"end":{"line":23,"column":35}},"14":{"start":{"line":24,"column":4},"end":{"line":24,"column":20}},"15":{"start":{"line":26,"column":4},"end":{"line":26,"column":49}},"16":{"start":{"line":30,"column":0},"end":{"line":38,"column":3}},"17":{"start":{"line":31,"column":2},"end":{"line":37,"column":3}},"18":{"start":{"line":32,"column":17},"end":{"line":32,"column":52}},"19":{"start":{"line":33,"column":4},"end":{"line":33,"column":22}},"20":{"start":{"line":34,"column":4},"end":{"line":34,"column":31}},"21":{"start":{"line":36,"column":4},"end":{"line":36,"column":49}},"22":{"start":{"line":40,"column":0},"end":{"line":60,"column":3}},"23":{"start":{"line":41,"column":2},"end":{"line":59,"column":3}},"24":{"start":{"line":42,"column":20},"end":{"line":42,"column":22}},"25":{"start":{"line":43,"column":4},"end":{"line":43,"column":69}},"26":{"start":{"line":43,"column":38},"end":{"line":43,"column":69}},"27":{"start":{"line":44,"column":4},"end":{"line":44,"column":81}},"28":{"start":{"line":44,"column":42},"end":{"line":44,"column":81}},"29":{"start":{"line":46,"column":4},"end":{"line":48,"column":5}},"30":{"start":{"line":47,"column":6},"end":{"line":47,"column":77}},"31":{"start":{"line":50,"column":17},"end":{"line":54,"column":5}},"32":{"start":{"line":55,"column":4},"end":{"line":55,"column":72}},"33":{"start":{"line":55,"column":15},"end":{"line":55,"column":72}},"34":{"start":{"line":56,"column":4},"end":{"line":56,"column":19}},"35":{"start":{"line":58,"column":4},"end":{"line":58,"column":49}},"36":{"start":{"line":62,"column":0},"end":{"line":70,"column":3}},"37":{"start":{"line":63,"column":2},"end":{"line":69,"column":3}},"38":{"start":{"line":64,"column":17},"end":{"line":64,"column":60}},"39":{"start":{"line":65,"column":4},"end":{"line":65,"column":72}},"40":{"start":{"line":65,"column":15},"end":{"line":65,"column":72}},"41":{"start":{"line":66,"column":4},"end":{"line":66,"column":42}},"42":{"start":{"line":68,"column":4},"end":{"line":68,"column":49}},"43":{"start":{"line":72,"column":0},"end":{"line":74,"column":3}},"44":{"start":{"line":73,"column":2},"end":{"line":73,"column":61}},"45":{"start":{"line":76,"column":0},"end":{"line":79,"column":1}},"46":{"start":{"line":77,"column":15},"end":{"line":77,"column":39}},"47":{"start":{"line":78,"column":2},"end":{"line":78,"column":57}},"48":{"start":{"line":81,"column":0},"end":{"line":81,"column":21}}},"fnMap":{"0":{"name":"(anonymous_0)","decl":{"start":{"line":15,"column":10},"end":{"line":15,"column":11}},"loc":{"start":{"line":15,"column":16},"end":{"line":15,"column":44}},"line":15},"1":{"name":"(anonymous_1)","decl":{"start":{"line":16,"column":11},"end":{"line":16,"column":12}},"loc":{"start":{"line":16,"column":18},"end":{"line":16,"column":50}},"line":16},"2":{"name":"(anonymous_2)","decl":{"start":{"line":21,"column":22},"end":{"line":21,"column":23}},"loc":{"start":{"line":21,"column":42},"end":{"line":28,"column":1}},"line":21},"3":{"name":"(anonymous_3)","decl":{"start":{"line":30,"column":23},"end":{"line":30,"column":24}},"loc":{"start":{"line":30,"column":43},"end":{"line":38,"column":1}},"line":30},"4":{"name":"(anonymous_4)","decl":{"start":{"line":40,"column":26},"end":{"line":40,"column":27}},"loc":{"start":{"line":40,"column":46},"end":{"line":60,"column":1}},"line":40},"5":{"name":"(anonymous_5)","decl":{"start":{"line":62,"column":29},"end":{"line":62,"column":30}},"loc":{"start":{"line":62,"column":49},"end":{"line":70,"column":1}},"line":62},"6":{"name":"(anonymous_6)","decl":{"start":{"line":72,"column":13},"end":{"line":72,"column":14}},"loc":{"start":{"line":72,"column":27},"end":{"line":74,"column":1}},"line":72},"7":{"name":"(anonymous_7)","decl":{"start":{"line":78,"column":19},"end":{"line":78,"column":20}},"loc":{"start":{"line":78,"column":25},"end":{"line":78,"column":55}},"line":78}},"branchMap":{"0":{"loc":{"start":{"line":13,"column":0},"end":{"line":17,"column":1}},"type":"if","locations":[{"start":{"line":13,"column":0},"end":{"line":17,"column":1}},{"start":{},"end":{}}],"line":13},"1":{"loc":{"start":{"line":43,"column":4},"end":{"line":43,"column":69}},"type":"if","locations":[{"start":{"line":43,"column":4},"end":{"line":43,"column":69}},{"start":{},"end":{}}],"line":43},"2":{"loc":{"start":{"line":44,"column":4},"end":{"line":44,"column":81}},"type":"if","locations":[{"start":{"line":44,"column":4},"end":{"line":44,"column":81}},{"start":{},"end":{}}],"line":44},"3":{"loc":{"start":{"line":46,"column":4},"end":{"line":48,"column":5}},"type":"if","locations":[{"start":{"line":46,"column":4},"end":{"line":48,"column":5}},{"start":{},"end":{}}],"line":46},"4":{"loc":{"start":{"line":55,"column":4},"end":{"line":55,"column":72}},"type":"if","locations":[{"start":{"line":55,"column":4},"end":{"line":55,"column":72}},{"start":{},"end":{}}],"line":55},"5":{"loc":{"start":{"line":65,"column":4},"end":{"line":65,"column":72}},"type":"if","locations":[{"start":{"line":65,"column":4},"end":{"line":65,"column":72}},{"start":{},"end":{}}],"line":65},"6":{"loc":{"start":{"line":76,"column":0},"end":{"line":79,"column":1}},"type":"if","locations":[{"start":{"line":76,"column":0},"end":{"line":79,"column":1}},{"start":{},"end":{}}],"line":76},"7":{"loc":{"start":{"line":77,"column":15},"end":{"line":77,"column":39}},"type":"binary-expr","locations":[{"start":{"line":77,"column":15},"end":{"line":77,"column":31}},{"start":{"line":77,"column":35},"end":{"line":77,"column":39}}],"line":77}},"s":{"0":2,"1":2,"2":2,"3":2,"4":2,"5":2,"6":2,"7":2,"8":2,"9":2,"10":2,"11":2,"12":3,"13":3,"14":3,"15":0,"16":2,"17":2,"18":2,"19":2,"20":2,"21":0,"22":2,"23":4,"24":4,"25":4,"26":0,"27":4,"28":3,"29":4,"30":1,"31":3,"32":3,"33":1,"34":2,"35":0,"36":2,"37":4,"38":4,"39":4,"40":1,"41":3,"42":0,"43":2,"44":0,"45":2,"46":0,"47":0,"48":2},"f":{"0":2,"1":0,"2":3,"3":2,"4":4,"5":4,"6":0,"7":0},"b":{"0":[2,0],"1":[0,4],"2":[3,1],"3":[1,3],"4":[1,2],"5":[1,3],"6":[0,2],"7":[0,0]},"_coverageSchema":"1a1c01bbd47fc00a2c39e90264f33305004495a9","hash":"702ddbe66be377b39e9f6c8b3a1d4a454a6bd568"}
,"/home/soumyodeep/Desktop/Open Source Contribution/keploy/tasks-api-keploy/models/Task.js": {"path":"/home/soumyodeep/Desktop/Open Source Contribution/keploy/tasks-api-keploy/models/Task.js","statementMap":{"0":{"start":{"line":1,"column":17},"end":{"line":1,"column":36}},"1":{"start":{"line":3,"column":19},"end":{"line":6,"column":2}},"2":{"start":{"line":8,"column":0},"end":{"line":8,"column":52}}},"fnMap":{},"branchMap":{},"s":{"0":3,"1":3,"2":3},"f":{},"b":{},"_coverageSchema":"1a1c01bbd47fc00a2c39e90264f33305004495a9","hash":"61654195e3ba208d8470acafa4eb6c9a1650ca9f"}
}
