TN:
SF:server.js
FN:15,(anonymous_0)
FN:16,(anonymous_1)
FN:21,(anonymous_2)
FN:30,(anonymous_3)
FN:40,(anonymous_4)
FN:62,(anonymous_5)
FN:72,(anonymous_6)
FN:78,(anonymous_7)
FNF:8
FNH:5
FNDA:2,(anonymous_0)
FNDA:0,(anonymous_1)
FNDA:3,(anonymous_2)
FNDA:2,(anonymous_3)
FNDA:4,(anonymous_4)
FNDA:4,(anonymous_5)
FNDA:0,(anonymous_6)
FNDA:0,(anonymous_7)
DA:1,2
DA:2,2
DA:3,2
DA:4,2
DA:6,2
DA:8,2
DA:9,2
DA:10,2
DA:13,2
DA:14,2
DA:19,2
DA:21,2
DA:22,3
DA:23,3
DA:24,3
DA:26,0
DA:30,2
DA:31,2
DA:32,2
DA:33,2
DA:34,2
DA:36,0
DA:40,2
DA:41,4
DA:42,4
DA:43,4
DA:44,4
DA:46,4
DA:47,1
DA:50,3
DA:55,3
DA:56,2
DA:58,0
DA:62,2
DA:63,4
DA:64,4
DA:65,4
DA:66,3
DA:68,0
DA:72,2
DA:73,0
DA:76,2
DA:77,0
DA:78,0
DA:81,2
LF:45
LH:38
BRDA:13,0,0,2
BRDA:13,0,1,0
BRDA:43,1,0,0
BRDA:43,1,1,4
BRDA:44,2,0,3
BRDA:44,2,1,1
BRDA:46,3,0,1
BRDA:46,3,1,3
BRDA:55,4,0,1
BRDA:55,4,1,2
BRDA:65,5,0,1
BRDA:65,5,1,3
BRDA:76,6,0,0
BRDA:76,6,1,2
BRDA:77,7,0,0
BRDA:77,7,1,0
BRF:16
BRH:11
end_of_record
TN:
SF:models/Task.js
FNF:0
FNH:0
DA:1,3
DA:3,3
DA:8,3
LF:3
LH:3
BRF:0
BRH:0
end_of_record
